[I 210726 15:12:19 command:154] Visit me at http://127.0.0.1:5577
[I 210726 15:12:19 command:159] Broker: redis://127.0.0.1:6379/0
[I 210726 15:12:19 command:162] Registered tasks: 
    ['celery.accumulate',
     'celery.backend_cleanup',
     'celery.chain',
     'celery.chord',
     'celery.chord_unlock',
     'celery.chunks',
     'celery.group',
     'celery.map',
     'celery.starmap',
     'tasks.reverse']
[I 210726 15:12:19 mixins:226] Connected to redis://127.0.0.1:6379/0
[W 210726 15:12:21 inspector:42] Inspect method active failed
[W 210726 15:12:21 inspector:42] Inspect method reserved failed
[W 210726 15:12:21 inspector:42] Inspect method scheduled failed
[W 210726 15:12:21 inspector:42] Inspect method registered failed
[W 210726 15:12:21 inspector:42] Inspect method active_queues failed
[W 210726 15:12:21 inspector:42] Inspect method conf failed
[W 210726 15:12:21 inspector:42] Inspect method revoked failed
[W 210726 15:12:21 inspector:42] Inspect method stats failed
